[debug] [2021-01-30T23:53:44.332Z] ----------------------------------------------------------------------
[debug] [2021-01-30T23:53:44.334Z] Command:       E:\programs\nodejs\node.exe C:\Users\PC-DAVID\AppData\Roaming\npm\node_modules\firebase-tools\lib\bin\firebase.js init
[debug] [2021-01-30T23:53:44.335Z] CLI Version:   9.2.2
[debug] [2021-01-30T23:53:44.335Z] Platform:      win32
[debug] [2021-01-30T23:53:44.335Z] Node Version:  v14.15.3
[debug] [2021-01-30T23:53:44.336Z] Time:          Sat Jan 30 2021 18:53:44 GMT-0500 (hora estándar de Colombia)
[debug] [2021-01-30T23:53:44.336Z] ----------------------------------------------------------------------
[debug] [2021-01-30T23:53:44.336Z] 
[debug] [2021-01-30T23:53:44.339Z] > command requires scopes: ["email","openid","https://www.googleapis.com/auth/cloudplatformprojects.readonly","https://www.googleapis.com/auth/firebase","https://www.googleapis.com/auth/cloud-platform"]
[debug] [2021-01-30T23:53:44.340Z] > authorizing via signed-in user
[info] 
     ######## #### ########  ######## ########     ###     ######  ########
     ##        ##  ##     ## ##       ##     ##  ##   ##  ##       ##
     ######    ##  ########  ######   ########  #########  ######  ######
     ##        ##  ##    ##  ##       ##     ## ##     ##       ## ##
     ##       #### ##     ## ######## ########  ##     ##  ######  ########

You're about to initialize a Firebase project in this directory:

  E:\documentos\tuxivideos

[info] 
=== Project Setup
[info] 
[info] First, let's associate this project directory with a Firebase project.
[info] You can create multiple project aliases by running firebase use --add, 
[info] but for now we'll just set up a default project.
[info] 
[debug] [2021-01-30T23:59:27.613Z] >>> [apiv2][query] GET https://firebase.googleapis.com/v1beta1/projects pageSize=100
[debug] [2021-01-30T23:59:28.033Z] <<< [apiv2][status] GET https://firebase.googleapis.com/v1beta1/projects 200
[debug] [2021-01-30T23:59:28.033Z] <<< [apiv2][body] GET https://firebase.googleapis.com/v1beta1/projects [omitted]
[debug] [2021-01-31T00:01:10.603Z] ----------------------------------------------------------------------
[debug] [2021-01-31T00:01:10.605Z] Command:       E:\programs\nodejs\node.exe C:\Users\PC-DAVID\AppData\Roaming\npm\node_modules\firebase-tools\lib\bin\firebase.js init
[debug] [2021-01-31T00:01:10.605Z] CLI Version:   9.2.2
[debug] [2021-01-31T00:01:10.605Z] Platform:      win32
[debug] [2021-01-31T00:01:10.605Z] Node Version:  v14.15.3
[debug] [2021-01-31T00:01:10.606Z] Time:          Sat Jan 30 2021 19:01:10 GMT-0500 (hora estándar de Colombia)
[debug] [2021-01-31T00:01:10.606Z] ----------------------------------------------------------------------
[debug] [2021-01-31T00:01:10.606Z] 
[debug] [2021-01-31T00:01:10.609Z] > command requires scopes: ["email","openid","https://www.googleapis.com/auth/cloudplatformprojects.readonly","https://www.googleapis.com/auth/firebase","https://www.googleapis.com/auth/cloud-platform"]
[debug] [2021-01-31T00:01:10.610Z] > authorizing via signed-in user
[info] 
     ######## #### ########  ######## ########     ###     ######  ########
     ##        ##  ##     ## ##       ##     ##  ##   ##  ##       ##
     ######    ##  ########  ######   ########  #########  ######  ######
     ##        ##  ##    ##  ##       ##     ## ##     ##       ## ##
     ##       #### ##     ## ######## ########  ##     ##  ######  ########

You're about to initialize a Firebase project in this directory:

  E:\documentos\tuxivideos

[info] 
=== Project Setup
[info] 
[info] First, let's associate this project directory with a Firebase project.
[info] You can create multiple project aliases by running firebase use --add, 
[info] but for now we'll just set up a default project.
[info] 
[debug] [2021-01-31T00:01:45.653Z] >>> [apiv2][query] GET https://firebase.googleapis.com/v1beta1/projects pageSize=100
[debug] [2021-01-31T00:01:46.148Z] <<< [apiv2][status] GET https://firebase.googleapis.com/v1beta1/projects 200
[debug] [2021-01-31T00:01:46.148Z] <<< [apiv2][body] GET https://firebase.googleapis.com/v1beta1/projects [omitted]
[info] i  Using project authentication-e2b16 (Authentication) 
[info] 
=== Storage Setup
[info] 
[info] Firebase Storage Security Rules allow you to define how and when to allow
[info] uploads and downloads. You can keep these rules in your project directory
[info] and publish them with firebase deploy.
[info] 
